[✅] SafeAPIManager 임포트 성공
🔍 상품 모니터링 시스템 시작
============================================================
[✅] 모든 설정 로드 성공
[✅] 알리익스프레스 공식 IOP SDK 로드 성공
[⚙️] SafeAPIManager 초기화 완료 (모드: production)
[⚙️] ProductMonitor 초기화 완료

[🔍] 상품 모니터링 시작 (최근 7일)
============================================================
[✅] WordPress 글 조회 성공: 2개

[📄] 글 분석: 놓치면 후회! 2025년 여름휴가 피서를 위한 필수 신상 리스트
    ID: 707, 날짜: 2025-07-11T23:28:47
    🔗 발견된 상품 링크: 3개
    [1/3] 상품 확인 중...
        ⚠️ 문제 상품 발견: error
        ✅ 쿠팡: error
    [2/3] 상품 확인 중...
        ✅ 쿠팡: unknown
    [3/3] 상품 확인 중...
        ✅ 알리익스프레스: unknown

[📄] 글 분석: 2025년 여름휴가, 놓치면 후회! 당신의 피서를 책임질 신상 스마트템
    ID: 706, 날짜: 2025-07-11T21:18:34
    🔗 발견된 상품 링크: 1개
    [1/1] 상품 확인 중...
        ✅ 알리익스프레스: unknown

[🚨] 알림 처리 시작: 1개
[✅] 텔레그램 메시지 발송 성공

============================================================
🏆 모니터링 완료
📊 결과 요약:
  📄 확인된 글: 2개
  🔗 확인된 링크: 4개
  🚨 발견된 알림: 1개

📈 전체 모니터링 통계:
  📊 모니터링 중인 링크: 4개
  🚨 총 알림 발송: 1개
  🕒 마지막 확인: 2025-07-12T09:00:17.984787
  🛒 플랫폼별:
    - 쿠팡: 2개
    - 알리익스프레스: 2개
  📊 상태별:
    - error: 1개
    - unknown: 3개

✅ 모니터링 완료
python-dotenv could not parse statement starting at line 32
python-dotenv could not parse statement starting at line 32
[✅] SafeAPIManager 임포트 성공
🔍 상품 모니터링 시스템 시작
============================================================
[✅] 모든 설정 로드 성공
[✅] 알리익스프레스 공식 IOP SDK 로드 성공
[⚙️] SafeAPIManager 초기화 완료 (모드: production)
[⚙️] ProductMonitor 초기화 완료

[🔍] 상품 모니터링 시작 (최근 7일)
============================================================
[✅] WordPress 글 조회 성공: 2개

[📄] 글 분석: 놓치면 후회! 2025년 여름휴가 피서를 위한 필수 신상 리스트
    ID: 707, 날짜: 2025-07-11T23:28:47
    🔗 발견된 상품 링크: 3개
    [1/3] 상품 확인 중...
        ✅ 쿠팡: error
    [2/3] 상품 확인 중...
        ✅ 쿠팡: unknown
    [3/3] 상품 확인 중...
        ✅ 알리익스프레스: unknown

[📄] 글 분석: 2025년 여름휴가, 놓치면 후회! 당신의 피서를 책임질 신상 스마트템
    ID: 706, 날짜: 2025-07-11T21:18:34
    🔗 발견된 상품 링크: 1개
    [1/1] 상품 확인 중...
        ✅ 알리익스프레스: unknown

============================================================
🏆 모니터링 완료
📊 결과 요약:
  📄 확인된 글: 2개
  🔗 확인된 링크: 4개
  🚨 발견된 알림: 0개

📈 전체 모니터링 통계:
  📊 모니터링 중인 링크: 4개
  🚨 총 알림 발송: 1개
  🕒 마지막 확인: 2025-07-13T09:00:18.046510
  🛒 플랫폼별:
    - 쿠팡: 2개
    - 알리익스프레스: 2개
  📊 상태별:
    - error: 1개
    - unknown: 3개

✅ 모니터링 완료
python-dotenv could not parse statement starting at line 32
python-dotenv could not parse statement starting at line 32
[✅] SafeAPIManager 임포트 성공
🔍 상품 모니터링 시스템 시작
============================================================
[✅] 모든 설정 로드 성공
[✅] 알리익스프레스 공식 IOP SDK 로드 성공
[⚙️] SafeAPIManager 초기화 완료 (모드: production)
[⚙️] ProductMonitor 초기화 완료

[🔍] 상품 모니터링 시작 (최근 7일)
============================================================
[✅] WordPress 글 조회 성공: 2개

[📄] 글 분석: 놓치면 후회! 2025년 여름휴가 피서를 위한 필수 신상 리스트
    ID: 707, 날짜: 2025-07-11T23:28:47
    🔗 발견된 상품 링크: 3개
    [1/3] 상품 확인 중...
        ✅ 쿠팡: error
    [2/3] 상품 확인 중...
        ✅ 쿠팡: unknown
    [3/3] 상품 확인 중...
        ✅ 알리익스프레스: unknown

[📄] 글 분석: 2025년 여름휴가, 놓치면 후회! 당신의 피서를 책임질 신상 스마트템
    ID: 706, 날짜: 2025-07-11T21:18:34
    🔗 발견된 상품 링크: 1개
    [1/1] 상품 확인 중...
        ✅ 알리익스프레스: unknown

============================================================
🏆 모니터링 완료
📊 결과 요약:
  📄 확인된 글: 2개
  🔗 확인된 링크: 4개
  🚨 발견된 알림: 0개

📈 전체 모니터링 통계:
  📊 모니터링 중인 링크: 4개
  🚨 총 알림 발송: 1개
  🕒 마지막 확인: 2025-07-14T09:00:26.104355
  🛒 플랫폼별:
    - 쿠팡: 2개
    - 알리익스프레스: 2개
  📊 상태별:
    - error: 1개
    - unknown: 3개

✅ 모니터링 완료
